
*** Running vivado
    with args -log TopModule.vds -m64 -product Vivado -mode batch -messageDb vivado.pb -notrace -source TopModule.tcl



****** Vivado v2020.1 (64-bit)
  **** SW Build 2902540 on Wed May 27 19:54:49 MDT 2020
  **** IP Build 2902112 on Wed May 27 22:43:36 MDT 2020
    ** Copyright 1986-2020 Xilinx, Inc. All Rights Reserved.

source TopModule.tcl -notrace
Command: synth_design -top TopModule -part xc7a100tcsg324-1
Starting synth_design
Attempting to get a license for feature 'Synthesis' and/or device 'xc7a100t'
INFO: [Common 17-349] Got license for feature 'Synthesis' and/or device 'xc7a100t'
INFO: [Device 21-403] Loading part xc7a100tcsg324-1
INFO: [Synth 8-7079] Multithreading enabled for synth_design using a maximum of 2 processes.
INFO: [Synth 8-7078] Launching helper process for spawning children vivado processes
INFO: [Synth 8-7075] Helper process launched with PID 12332
---------------------------------------------------------------------------------
Starting RTL Elaboration : Time (s): cpu = 00:00:06 ; elapsed = 00:00:06 . Memory (MB): peak = 1016.293 ; gain = 0.000
---------------------------------------------------------------------------------
INFO: [Synth 8-638] synthesizing module 'TopModule' [C:/Users/kojul/DSD/dsd/Labs/spaceInvaders/spaceInvaders.srcs/sources_1/new/TopModule.vhd:12]
INFO: [Synth 8-3491] module 'VGAPixelDriver' declared at 'C:/Users/kojul/DSD/dsd/Labs/spaceInvaders/spaceInvaders.srcs/sources_1/new/VGAPixelDriver.vhd:5' bound to instance 'pixel_driver' of component 'VGAPixelDriver' [C:/Users/kojul/DSD/dsd/Labs/spaceInvaders/spaceInvaders.srcs/sources_1/new/TopModule.vhd:52]
INFO: [Synth 8-638] synthesizing module 'VGAPixelDriver' [C:/Users/kojul/DSD/dsd/Labs/spaceInvaders/spaceInvaders.srcs/sources_1/new/VGAPixelDriver.vhd:13]
INFO: [Synth 8-256] done synthesizing module 'VGAPixelDriver' (1#1) [C:/Users/kojul/DSD/dsd/Labs/spaceInvaders/spaceInvaders.srcs/sources_1/new/VGAPixelDriver.vhd:13]
INFO: [Synth 8-3491] module 'VideoMemory' declared at 'C:/Users/kojul/DSD/dsd/Labs/spaceInvaders/spaceInvaders.srcs/sources_1/new/VideoMemory.vhd:5' bound to instance 'video_memory' of component 'VideoMemory' [C:/Users/kojul/DSD/dsd/Labs/spaceInvaders/spaceInvaders.srcs/sources_1/new/TopModule.vhd:53]
INFO: [Synth 8-638] synthesizing module 'VideoMemory' [C:/Users/kojul/DSD/dsd/Labs/spaceInvaders/spaceInvaders.srcs/sources_1/new/VideoMemory.vhd:15]
WARNING: [Synth 8-614] signal 'display' is read in the process but is not in the sensitivity list [C:/Users/kojul/DSD/dsd/Labs/spaceInvaders/spaceInvaders.srcs/sources_1/new/VideoMemory.vhd:1415]
WARNING: [Synth 8-614] signal 'sw' is read in the process but is not in the sensitivity list [C:/Users/kojul/DSD/dsd/Labs/spaceInvaders/spaceInvaders.srcs/sources_1/new/VideoMemory.vhd:1415]
WARNING: [Synth 8-614] signal 'reset_fin' is read in the process but is not in the sensitivity list [C:/Users/kojul/DSD/dsd/Labs/spaceInvaders/spaceInvaders.srcs/sources_1/new/VideoMemory.vhd:1415]
WARNING: [Synth 8-614] signal 'last_alive' is read in the process but is not in the sensitivity list [C:/Users/kojul/DSD/dsd/Labs/spaceInvaders/spaceInvaders.srcs/sources_1/new/VideoMemory.vhd:1415]
WARNING: [Synth 8-614] signal 'alien_location_y' is read in the process but is not in the sensitivity list [C:/Users/kojul/DSD/dsd/Labs/spaceInvaders/spaceInvaders.srcs/sources_1/new/VideoMemory.vhd:1415]
WARNING: [Synth 8-614] signal 'spaceship_location_y' is read in the process but is not in the sensitivity list [C:/Users/kojul/DSD/dsd/Labs/spaceInvaders/spaceInvaders.srcs/sources_1/new/VideoMemory.vhd:1415]
WARNING: [Synth 8-614] signal 'spaceship_location_x' is read in the process but is not in the sensitivity list [C:/Users/kojul/DSD/dsd/Labs/spaceInvaders/spaceInvaders.srcs/sources_1/new/VideoMemory.vhd:1415]
WARNING: [Synth 8-614] signal 'box_location_x' is read in the process but is not in the sensitivity list [C:/Users/kojul/DSD/dsd/Labs/spaceInvaders/spaceInvaders.srcs/sources_1/new/VideoMemory.vhd:1415]
WARNING: [Synth 8-614] signal 'box_location_y' is read in the process but is not in the sensitivity list [C:/Users/kojul/DSD/dsd/Labs/spaceInvaders/spaceInvaders.srcs/sources_1/new/VideoMemory.vhd:1415]
WARNING: [Synth 8-614] signal 'fire_set_visible' is read in the process but is not in the sensitivity list [C:/Users/kojul/DSD/dsd/Labs/spaceInvaders/spaceInvaders.srcs/sources_1/new/VideoMemory.vhd:1415]
WARNING: [Synth 8-614] signal 'alien_fire_pos_x' is read in the process but is not in the sensitivity list [C:/Users/kojul/DSD/dsd/Labs/spaceInvaders/spaceInvaders.srcs/sources_1/new/VideoMemory.vhd:1415]
WARNING: [Synth 8-614] signal 'alien_fire_pos_y' is read in the process but is not in the sensitivity list [C:/Users/kojul/DSD/dsd/Labs/spaceInvaders/spaceInvaders.srcs/sources_1/new/VideoMemory.vhd:1415]
WARNING: [Synth 8-614] signal 'alien_location_x' is read in the process but is not in the sensitivity list [C:/Users/kojul/DSD/dsd/Labs/spaceInvaders/spaceInvaders.srcs/sources_1/new/VideoMemory.vhd:1415]
WARNING: [Synth 8-614] signal 'alien_prop' is read in the process but is not in the sensitivity list [C:/Users/kojul/DSD/dsd/Labs/spaceInvaders/spaceInvaders.srcs/sources_1/new/VideoMemory.vhd:1415]
WARNING: [Synth 8-614] signal 'temp_alien' is read in the process but is not in the sensitivity list [C:/Users/kojul/DSD/dsd/Labs/spaceInvaders/spaceInvaders.srcs/sources_1/new/VideoMemory.vhd:1415]
WARNING: [Synth 8-614] signal 'reset' is read in the process but is not in the sensitivity list [C:/Users/kojul/DSD/dsd/Labs/spaceInvaders/spaceInvaders.srcs/sources_1/new/VideoMemory.vhd:1607]
INFO: [Synth 8-256] done synthesizing module 'VideoMemory' (2#1) [C:/Users/kojul/DSD/dsd/Labs/spaceInvaders/spaceInvaders.srcs/sources_1/new/VideoMemory.vhd:15]
WARNING: [Synth 8-5640] Port 'ps2_code_new' is missing in component declaration [C:/Users/kojul/DSD/dsd/Labs/spaceInvaders/spaceInvaders.srcs/sources_1/new/TopModule.vhd:33]
	Parameter clk_freq bound to: 100000000 - type: integer 
	Parameter debounce_counter_size bound to: 9 - type: integer 
INFO: [Synth 8-3491] module 'ps2_keyboard' declared at 'C:/Users/kojul/DSD/dsd/Labs/spaceInvaders/spaceInvaders.srcs/sources_1/new/ps2_keyboard.vhd:4' bound to instance 'keyboard_driver' of component 'ps2_keyboard' [C:/Users/kojul/DSD/dsd/Labs/spaceInvaders/spaceInvaders.srcs/sources_1/new/TopModule.vhd:54]
INFO: [Synth 8-638] synthesizing module 'ps2_keyboard' [C:/Users/kojul/DSD/dsd/Labs/spaceInvaders/spaceInvaders.srcs/sources_1/new/ps2_keyboard.vhd:16]
	Parameter clk_freq bound to: 100000000 - type: integer 
	Parameter debounce_counter_size bound to: 9 - type: integer 
	Parameter counter_size bound to: 9 - type: integer 
INFO: [Synth 8-3491] module 'debounce' declared at 'C:/Users/kojul/DSD/dsd/Labs/spaceInvaders/spaceInvaders.srcs/sources_1/new/debounce.vhd:5' bound to instance 'debounce_PS2Clk' of component 'debounce' [C:/Users/kojul/DSD/dsd/Labs/spaceInvaders/spaceInvaders.srcs/sources_1/new/ps2_keyboard.vhd:45]
INFO: [Synth 8-638] synthesizing module 'debounce' [C:/Users/kojul/DSD/dsd/Labs/spaceInvaders/spaceInvaders.srcs/sources_1/new/debounce.vhd:14]
	Parameter counter_size bound to: 9 - type: integer 
INFO: [Synth 8-256] done synthesizing module 'debounce' (3#1) [C:/Users/kojul/DSD/dsd/Labs/spaceInvaders/spaceInvaders.srcs/sources_1/new/debounce.vhd:14]
	Parameter counter_size bound to: 9 - type: integer 
INFO: [Synth 8-3491] module 'debounce' declared at 'C:/Users/kojul/DSD/dsd/Labs/spaceInvaders/spaceInvaders.srcs/sources_1/new/debounce.vhd:5' bound to instance 'debounce_PS2Data' of component 'debounce' [C:/Users/kojul/DSD/dsd/Labs/spaceInvaders/spaceInvaders.srcs/sources_1/new/ps2_keyboard.vhd:48]
INFO: [Synth 8-256] done synthesizing module 'ps2_keyboard' (4#1) [C:/Users/kojul/DSD/dsd/Labs/spaceInvaders/spaceInvaders.srcs/sources_1/new/ps2_keyboard.vhd:16]
INFO: [Synth 8-256] done synthesizing module 'TopModule' (5#1) [C:/Users/kojul/DSD/dsd/Labs/spaceInvaders/spaceInvaders.srcs/sources_1/new/TopModule.vhd:12]
---------------------------------------------------------------------------------
Finished RTL Elaboration : Time (s): cpu = 00:00:10 ; elapsed = 00:00:10 . Memory (MB): peak = 1016.293 ; gain = 0.000
---------------------------------------------------------------------------------
---------------------------------------------------------------------------------
Start Handling Custom Attributes
---------------------------------------------------------------------------------
---------------------------------------------------------------------------------
Finished Handling Custom Attributes : Time (s): cpu = 00:00:11 ; elapsed = 00:00:12 . Memory (MB): peak = 1016.293 ; gain = 0.000
---------------------------------------------------------------------------------
---------------------------------------------------------------------------------
Finished RTL Optimization Phase 1 : Time (s): cpu = 00:00:11 ; elapsed = 00:00:12 . Memory (MB): peak = 1016.293 ; gain = 0.000
---------------------------------------------------------------------------------
Netlist sorting complete. Time (s): cpu = 00:00:00 ; elapsed = 00:00:00.086 . Memory (MB): peak = 1016.293 ; gain = 0.000
INFO: [Project 1-570] Preparing netlist for logic optimization

Processing XDC Constraints
Initializing timing engine
Parsing XDC File [C:/Users/kojul/DSD/dsd/Labs/spaceInvaders/spaceInvaders.srcs/constrs_1/new/BoardMasterNexysA7.xdc]
Finished Parsing XDC File [C:/Users/kojul/DSD/dsd/Labs/spaceInvaders/spaceInvaders.srcs/constrs_1/new/BoardMasterNexysA7.xdc]
INFO: [Project 1-236] Implementation specific constraints were found while reading constraint file [C:/Users/kojul/DSD/dsd/Labs/spaceInvaders/spaceInvaders.srcs/constrs_1/new/BoardMasterNexysA7.xdc]. These constraints will be ignored for synthesis but will be used in implementation. Impacted constraints are listed in the file [.Xil/TopModule_propImpl.xdc].
Resolution: To avoid this warning, move constraints listed in [.Xil/TopModule_propImpl.xdc] to another XDC file and exclude this new file from synthesis with the used_in_synthesis property (File Properties dialog in GUI) and re-run elaboration/synthesis.
Completed Processing XDC Constraints

Netlist sorting complete. Time (s): cpu = 00:00:00 ; elapsed = 00:00:00.001 . Memory (MB): peak = 1066.402 ; gain = 0.000
INFO: [Project 1-111] Unisim Transformation Summary:
No Unisim elements were transformed.

Constraint Validation Runtime : Time (s): cpu = 00:00:00 ; elapsed = 00:00:00.016 . Memory (MB): peak = 1066.402 ; gain = 0.000
---------------------------------------------------------------------------------
Finished Constraint Validation : Time (s): cpu = 00:00:23 ; elapsed = 00:00:24 . Memory (MB): peak = 1066.402 ; gain = 50.109
---------------------------------------------------------------------------------
---------------------------------------------------------------------------------
Start Loading Part and Timing Information
---------------------------------------------------------------------------------
Loading part: xc7a100tcsg324-1
---------------------------------------------------------------------------------
Finished Loading Part and Timing Information : Time (s): cpu = 00:00:23 ; elapsed = 00:00:24 . Memory (MB): peak = 1066.402 ; gain = 50.109
---------------------------------------------------------------------------------
---------------------------------------------------------------------------------
Start Applying 'set_property' XDC Constraints
---------------------------------------------------------------------------------
---------------------------------------------------------------------------------
Finished applying 'set_property' XDC Constraints : Time (s): cpu = 00:00:23 ; elapsed = 00:00:24 . Memory (MB): peak = 1066.402 ; gain = 50.109
---------------------------------------------------------------------------------
WARNING: [Synth 8-327] inferring latch for variable 'red_reg' [C:/Users/kojul/DSD/dsd/Labs/spaceInvaders/spaceInvaders.srcs/sources_1/new/VideoMemory.vhd:1421]
WARNING: [Synth 8-327] inferring latch for variable 'green_reg' [C:/Users/kojul/DSD/dsd/Labs/spaceInvaders/spaceInvaders.srcs/sources_1/new/VideoMemory.vhd:1422]
WARNING: [Synth 8-327] inferring latch for variable 'blue_reg' [C:/Users/kojul/DSD/dsd/Labs/spaceInvaders/spaceInvaders.srcs/sources_1/new/VideoMemory.vhd:1423]
WARNING: [Synth 8-327] inferring latch for variable 'reset_fin_reg' [C:/Users/kojul/DSD/dsd/Labs/spaceInvaders/spaceInvaders.srcs/sources_1/new/VideoMemory.vhd:1437]
WARNING: [Synth 8-327] inferring latch for variable 'alien_reached_end_reg' [C:/Users/kojul/DSD/dsd/Labs/spaceInvaders/spaceInvaders.srcs/sources_1/new/VideoMemory.vhd:1440]
WARNING: [Synth 8-327] inferring latch for variable 'last_alive_reg' [C:/Users/kojul/DSD/dsd/Labs/spaceInvaders/spaceInvaders.srcs/sources_1/new/VideoMemory.vhd:1438]
WARNING: [Synth 8-327] inferring latch for variable 'temp_alien_reg' [C:/Users/kojul/DSD/dsd/Labs/spaceInvaders/spaceInvaders.srcs/sources_1/new/VideoMemory.vhd:1498]
---------------------------------------------------------------------------------
Finished RTL Optimization Phase 2 : Time (s): cpu = 00:00:33 ; elapsed = 00:00:34 . Memory (MB): peak = 1066.402 ; gain = 50.109
---------------------------------------------------------------------------------
---------------------------------------------------------------------------------
Start RTL Component Statistics 
---------------------------------------------------------------------------------
Detailed RTL Component Info : 
+---Adders : 
	   3 Input   33 Bit       Adders := 2     
	   2 Input   32 Bit       Adders := 32    
	   3 Input   32 Bit       Adders := 11    
	   2 Input   31 Bit       Adders := 2     
	   2 Input   11 Bit       Adders := 1     
	   2 Input   10 Bit       Adders := 4     
	   2 Input    9 Bit       Adders := 6     
	   3 Input    6 Bit       Adders := 1     
	   3 Input    5 Bit       Adders := 1     
	   3 Input    4 Bit       Adders := 1     
	   2 Input    3 Bit       Adders := 2     
	   2 Input    2 Bit       Adders := 15    
+---XORs : 
	   2 Input      1 Bit         XORs := 2     
	   9 Input      1 Bit         XORs := 1     
+---Registers : 
	               32 Bit    Registers := 9     
	               12 Bit    Registers := 1     
	               11 Bit    Registers := 1     
	               10 Bit    Registers := 3     
	                9 Bit    Registers := 1     
	                8 Bit    Registers := 1     
	                3 Bit    Registers := 16    
	                2 Bit    Registers := 4     
	                1 Bit    Registers := 14    
+---Muxes : 
	 480 Input  582 Bit        Muxes := 1     
	 128 Input  454 Bit        Muxes := 2     
	   2 Input   32 Bit        Muxes := 13    
	   2 Input   31 Bit        Muxes := 2     
	   2 Input   12 Bit        Muxes := 1     
	   4 Input   12 Bit        Muxes := 1     
	   2 Input   10 Bit        Muxes := 2     
	   2 Input    9 Bit        Muxes := 4     
	  14 Input    7 Bit        Muxes := 1     
	  20 Input    6 Bit        Muxes := 1     
	   2 Input    4 Bit        Muxes := 125   
	   4 Input    4 Bit        Muxes := 48    
	   2 Input    3 Bit        Muxes := 103   
	   3 Input    3 Bit        Muxes := 1     
	   2 Input    2 Bit        Muxes := 3     
	   3 Input    2 Bit        Muxes := 1     
	   2 Input    1 Bit        Muxes := 42    
	   4 Input    1 Bit        Muxes := 2     
	  16 Input    1 Bit        Muxes := 2     
	  15 Input    1 Bit        Muxes := 1     
---------------------------------------------------------------------------------
Finished RTL Component Statistics 
---------------------------------------------------------------------------------
---------------------------------------------------------------------------------
Start Part Resource Summary
---------------------------------------------------------------------------------
Part Resources:
DSPs: 240 (col length:80)
BRAMs: 270 (col length: RAMB18 80 RAMB36 40)
---------------------------------------------------------------------------------
Finished Part Resource Summary
---------------------------------------------------------------------------------
---------------------------------------------------------------------------------
Start Cross Boundary and Area Optimization
---------------------------------------------------------------------------------
---------------------------------------------------------------------------------
Finished Cross Boundary and Area Optimization : Time (s): cpu = 00:01:25 ; elapsed = 00:01:27 . Memory (MB): peak = 1115.676 ; gain = 99.383
---------------------------------------------------------------------------------
---------------------------------------------------------------------------------
Start ROM, RAM, DSP and Shift Register Reporting
---------------------------------------------------------------------------------

ROM: Preliminary Mapping	Report
+------------+-----------------+---------------+----------------+
|Module Name | RTL Object      | Depth x Width | Implemented As | 
+------------+-----------------+---------------+----------------+
|VideoMemory | spaceship[0]    | 128x5         | LUT            | 
|VideoMemory | alien_type1[0]  | 64x8          | LUT            | 
|VideoMemory | alien_type2[0]  | 64x10         | LUT            | 
|VideoMemory | alien_type3[0]  | 64x5          | LUT            | 
|VideoMemory | start_screen[0] | 512x604       | LUT            | 
|VideoMemory | spaceship[0]    | 128x5         | LUT            | 
|VideoMemory | alien_type1[0]  | 64x8          | LUT            | 
|VideoMemory | alien_type2[0]  | 64x10         | LUT            | 
|VideoMemory | alien_type3[0]  | 64x5          | LUT            | 
|VideoMemory | start_screen[0] | 512x604       | LUT            | 
+------------+-----------------+---------------+----------------+

---------------------------------------------------------------------------------
Finished ROM, RAM, DSP and Shift Register Reporting
---------------------------------------------------------------------------------
---------------------------------------------------------------------------------
Start Applying XDC Timing Constraints
---------------------------------------------------------------------------------
---------------------------------------------------------------------------------
Finished Applying XDC Timing Constraints : Time (s): cpu = 00:01:37 ; elapsed = 00:01:39 . Memory (MB): peak = 1115.676 ; gain = 99.383
---------------------------------------------------------------------------------
---------------------------------------------------------------------------------
Start Timing Optimization
---------------------------------------------------------------------------------
---------------------------------------------------------------------------------
Finished Timing Optimization : Time (s): cpu = 00:01:39 ; elapsed = 00:01:42 . Memory (MB): peak = 1115.676 ; gain = 99.383
---------------------------------------------------------------------------------
---------------------------------------------------------------------------------
Start Technology Mapping
---------------------------------------------------------------------------------
---------------------------------------------------------------------------------
Finished Technology Mapping : Time (s): cpu = 00:01:44 ; elapsed = 00:01:46 . Memory (MB): peak = 1125.750 ; gain = 109.457
---------------------------------------------------------------------------------
---------------------------------------------------------------------------------
Start IO Insertion
---------------------------------------------------------------------------------
---------------------------------------------------------------------------------
Start Flattening Before IO Insertion
---------------------------------------------------------------------------------
---------------------------------------------------------------------------------
Finished Flattening Before IO Insertion
---------------------------------------------------------------------------------
---------------------------------------------------------------------------------
Start Final Netlist Cleanup
---------------------------------------------------------------------------------
---------------------------------------------------------------------------------
Finished Final Netlist Cleanup
---------------------------------------------------------------------------------
---------------------------------------------------------------------------------
Finished IO Insertion : Time (s): cpu = 00:01:51 ; elapsed = 00:01:54 . Memory (MB): peak = 1131.012 ; gain = 114.719
---------------------------------------------------------------------------------
---------------------------------------------------------------------------------
Start Renaming Generated Instances
---------------------------------------------------------------------------------
---------------------------------------------------------------------------------
Finished Renaming Generated Instances : Time (s): cpu = 00:01:51 ; elapsed = 00:01:54 . Memory (MB): peak = 1131.012 ; gain = 114.719
---------------------------------------------------------------------------------
---------------------------------------------------------------------------------
Start Rebuilding User Hierarchy
---------------------------------------------------------------------------------
---------------------------------------------------------------------------------
Finished Rebuilding User Hierarchy : Time (s): cpu = 00:01:52 ; elapsed = 00:01:54 . Memory (MB): peak = 1131.012 ; gain = 114.719
---------------------------------------------------------------------------------
---------------------------------------------------------------------------------
Start Renaming Generated Ports
---------------------------------------------------------------------------------
---------------------------------------------------------------------------------
Finished Renaming Generated Ports : Time (s): cpu = 00:01:52 ; elapsed = 00:01:55 . Memory (MB): peak = 1131.012 ; gain = 114.719
---------------------------------------------------------------------------------
---------------------------------------------------------------------------------
Start Handling Custom Attributes
---------------------------------------------------------------------------------
---------------------------------------------------------------------------------
Finished Handling Custom Attributes : Time (s): cpu = 00:01:53 ; elapsed = 00:01:55 . Memory (MB): peak = 1131.012 ; gain = 114.719
---------------------------------------------------------------------------------
---------------------------------------------------------------------------------
Start Renaming Generated Nets
---------------------------------------------------------------------------------
---------------------------------------------------------------------------------
Finished Renaming Generated Nets : Time (s): cpu = 00:01:53 ; elapsed = 00:01:55 . Memory (MB): peak = 1131.012 ; gain = 114.719
---------------------------------------------------------------------------------
---------------------------------------------------------------------------------
Start Writing Synthesis Report
---------------------------------------------------------------------------------

Report BlackBoxes: 
+-+--------------+----------+
| |BlackBox name |Instances |
+-+--------------+----------+
+-+--------------+----------+

Report Cell Usage: 
+------+-------+------+
|      |Cell   |Count |
+------+-------+------+
|1     |BUFG   |     4|
|2     |CARRY4 |   617|
|3     |LUT1   |   255|
|4     |LUT2   |  1033|
|5     |LUT3   |   277|
|6     |LUT4   |  1663|
|7     |LUT5   |   609|
|8     |LUT6   |  2030|
|9     |MUXF7  |   295|
|10    |MUXF8  |    54|
|11    |FDPE   |     2|
|12    |FDRE   |   529|
|13    |FDSE   |    16|
|14    |LD     |    20|
|15    |IBUF   |    15|
|16    |OBUF   |    14|
+------+-------+------+
---------------------------------------------------------------------------------
Finished Writing Synthesis Report : Time (s): cpu = 00:01:53 ; elapsed = 00:01:55 . Memory (MB): peak = 1131.012 ; gain = 114.719
---------------------------------------------------------------------------------
Synthesis finished with 0 errors, 0 critical warnings and 7 warnings.
Synthesis Optimization Runtime : Time (s): cpu = 00:01:37 ; elapsed = 00:01:51 . Memory (MB): peak = 1131.012 ; gain = 64.609
Synthesis Optimization Complete : Time (s): cpu = 00:01:53 ; elapsed = 00:01:55 . Memory (MB): peak = 1131.012 ; gain = 114.719
INFO: [Project 1-571] Translating synthesized netlist
Netlist sorting complete. Time (s): cpu = 00:00:00 ; elapsed = 00:00:00.236 . Memory (MB): peak = 1135.066 ; gain = 0.000
INFO: [Netlist 29-17] Analyzing 986 Unisim elements for replacement
INFO: [Netlist 29-28] Unisim Transformation completed in 0 CPU seconds
INFO: [Project 1-570] Preparing netlist for logic optimization
INFO: [Opt 31-138] Pushed 0 inverter(s) to 0 load pin(s).
Netlist sorting complete. Time (s): cpu = 00:00:00 ; elapsed = 00:00:00.002 . Memory (MB): peak = 1136.031 ; gain = 0.000
INFO: [Project 1-111] Unisim Transformation Summary:
  A total of 20 instances were transformed.
  LD => LDCE: 20 instances

INFO: [Common 17-83] Releasing license: Synthesis
30 Infos, 24 Warnings, 0 Critical Warnings and 0 Errors encountered.
synth_design completed successfully
synth_design: Time (s): cpu = 00:02:04 ; elapsed = 00:02:09 . Memory (MB): peak = 1136.031 ; gain = 119.738
INFO: [Common 17-1381] The checkpoint 'C:/Users/kojul/DSD/dsd/Labs/spaceInvaders/spaceInvaders.runs/synth_1/TopModule.dcp' has been generated.
INFO: [runtcl-4] Executing : report_utilization -file TopModule_utilization_synth.rpt -pb TopModule_utilization_synth.pb
INFO: [Common 17-206] Exiting Vivado at Thu Dec  3 14:09:07 2020...
